<?xml version="1.0" encoding="UTF-8"?>
<testsuite xmlns:xsi="http://www.w3.org/2001/XMLSchema-instance" xsi:noNamespaceSchemaLocation="https://maven.apache.org/surefire/maven-surefire-plugin/xsd/surefire-test-report-3.0.xsd" version="3.0" name="com.jamestann.test.library.compatibility.JavaVersionCompatibilityTest" time="0.099" tests="8" errors="0" skipped="0" failures="0">
  <properties>
[...]
</properties>
  <testcase name="shouldSupportTargetJavaVersions(String)[1]" classname="com.jamestann.test.library.compatibility.JavaVersionCompatibilityTest" time="0.038">
    <system-out><![CDATA[⊘ Skipping Java 11 test (running on 21)
]]></system-out>
  </testcase>
  <testcase name="shouldSupportTargetJavaVersions(String)[2]" classname="com.jamestann.test.library.compatibility.JavaVersionCompatibilityTest" time="0.002">
    <system-out><![CDATA[⊘ Skipping Java 17 test (running on 21)
]]></system-out>
  </testcase>
  <testcase name="shouldSupportTargetJavaVersions(String)[3]" classname="com.jamestann.test.library.compatibility.JavaVersionCompatibilityTest" time="0.004">
    <system-out><![CDATA[✓ Running on target Java 21
]]></system-out>
  </testcase>
  <testcase name="shouldUseOnlyJava11PlusLanguageFeatures" classname="com.jamestann.test.library.compatibility.JavaVersionCompatibilityTest" time="0.006">
    <system-out><![CDATA[✓ Java 11+ language features working correctly
]]></system-out>
  </testcase>
  <testcase name="shouldDetectCurrentJavaVersion" classname="com.jamestann.test.library.compatibility.JavaVersionCompatibilityTest" time="0.001">
    <system-out><![CDATA[Testing on Java 21.0.7 (Oracle Corporation)
VM: Java HotSpot(TM) 64-Bit Server VM
]]></system-out>
  </testcase>
  <testcase name="shouldHandleReflectionCompatibility" classname="com.jamestann.test.library.compatibility.JavaVersionCompatibilityTest" time="0.001">
    <system-out><![CDATA[✓ Reflection compatibility verified
]]></system-out>
  </testcase>
  <testcase name="shouldVerifyMinimumJava11Support" classname="com.jamestann.test.library.compatibility.JavaVersionCompatibilityTest" time="0.0"/>
  <testcase name="shouldVerifyCompilerTargetCompatibility" classname="com.jamestann.test.library.compatibility.JavaVersionCompatibilityTest" time="0.001">
    <system-out><![CDATA[Compiler source level: unknown
Runtime Java version: 21.0.7
]]></system-out>
  </testcase>
</testsuite>